<?xml version="1.0" encoding="UTF-8"?>
<!-- Generated by org.testng.reporters.JUnitReportReporter -->
<testsuite skipped="0" hostname="DESKTOP-NUUGM2A" name="test.czh.HandleCookie" tests="2" failures="0" timestamp="2021-03-01T20:53:43 CST" time="12.420" errors="0">
  <testcase name="test01" time="4.793" classname="test.czh.HandleCookie"/>
  <system-out/>
  <testcase name="test02" time="7.627" classname="test.czh.HandleCookie"/>
  <system-out/>
</testsuite> <!-- test.czh.HandleCookie -->
