<?xml version="1.0" encoding="UTF-8"?>
<!-- Generated by org.testng.reporters.JUnitReportReporter -->
<testsuite skipped="0" hostname="DESKTOP-NUUGM2A" name="test.czh.TestBuyshop" tests="1" failures="0" timestamp="2021-02-27T23:01:13 CST" time="11.545" errors="0">
  <testcase name="f1" time="11.545" classname="test.czh.TestBuyshop"/>
  <system-out/>
</testsuite> <!-- test.czh.TestBuyshop -->
