<?xml version="1.0" encoding="UTF-8"?>
<!-- Generated by org.testng.reporters.JUnitReportReporter -->
<testsuite hostname="DESKTOP-I913D3N" failures="0" tests="1" name="test.czh.CourseList" time="20.916" errors="0" timestamp="2021-02-18T15:36:57 CST" skipped="0">
  <testcase classname="test.czh.CourseList" name="test2" time="20.916"/>
  <system-out/>
</testsuite> <!-- test.czh.CourseList -->
