<?xml version="1.0" encoding="UTF-8"?>
<!-- Generated by org.testng.reporters.JUnitReportReporter -->
<testsuite hostname="DESKTOP-NUUGM2A" name="test.czh.OneTestCase" tests="1" failures="0" timestamp="15 Feb 2021 09:54:52 GMT" time="4.795" errors="0">
  <testcase name="f" time="4.795" classname="test.czh.OneTestCase"/>
</testsuite> <!-- test.czh.OneTestCase -->
