<?xml version="1.0" encoding="UTF-8"?>
<!-- Generated by org.testng.reporters.JUnitReportReporter -->
<testsuite hostname="DESKTOP-I913D3N" failures="0" tests="2" name="test.czh.HandleCookie" time="7.253" errors="0" timestamp="2021-02-28T17:32:15 CST" skipped="0">
  <testcase classname="test.czh.HandleCookie" name="test01" time="3.575"/>
  <system-out/>
  <testcase classname="test.czh.HandleCookie" name="test02" time="3.678"/>
  <system-out/>
</testsuite> <!-- test.czh.HandleCookie -->
