<?xml version="1.0" encoding="UTF-8"?>
<!-- Generated by org.testng.reporters.JUnitReportReporter -->
<testsuite hostname="DESKTOP-NUUGM2A" name="test.czh.Rent" tests="1" failures="0" timestamp="25 Feb 2021 13:09:58 GMT" time="2.019" errors="0">
  <testcase name="test1" time="2.019" classname="test.czh.Rent"/>
</testsuite> <!-- test.czh.Rent -->
