<?xml version="1.0" encoding="UTF-8"?>
<!-- Generated by org.testng.reporters.JUnitReportReporter -->
<testsuite hostname="DESKTOP-I913D3N" failures="0" tests="1" name="test.czh.runcase.LoginCase" time="3.282" errors="0" timestamp="2021-02-22T17:16:31 CST" skipped="0">
  <testcase classname="test.czh.runcase.LoginCase" name="TestLoginSucccess" time="3.282"/>
  <system-out/>
</testsuite> <!-- test.czh.runcase.LoginCase -->
