<?xml version="1.0" encoding="UTF-8"?>
<!-- Generated by org.testng.reporters.JUnitReportReporter -->
<testsuite hostname="DESKTOP-I913D3N" failures="0" tests="1" name="test.czh.Login" time="10.943" errors="0" timestamp="2021-02-18T18:27:33 CST" skipped="0">
  <testcase classname="test.czh.Login" name="UserLogin" time="10.943"/>
  <system-out/>
</testsuite> <!-- test.czh.Login -->
