<?xml version="1.0" encoding="UTF-8"?>
<!-- Generated by org.testng.reporters.JUnitReportReporter -->
<testsuite hostname="DESKTOP-NUUGM2A" name="test.czh.Logintest" tests="1" failures="0" timestamp="14 Feb 2021 13:40:44 GMT" time="10.923" errors="0">
  <testcase name="UserLogin" time="10.923" classname="test.czh.Logintest"/>
</testsuite> <!-- test.czh.Logintest -->
