<?xml version="1.0" encoding="UTF-8"?>
<!-- Generated by org.testng.reporters.JUnitReportReporter -->
<testsuite hostname="DESKTOP-NUUGM2A" name="test.czh.CourseList" tests="1" failures="0" timestamp="17 Feb 2021 09:06:58 GMT" time="20.076" errors="0">
  <testcase name="test2" time="20.076" classname="test.czh.CourseList"/>
</testsuite> <!-- test.czh.CourseList -->
