<?xml version="1.0" encoding="UTF-8"?>
<!-- Generated by org.testng.reporters.JUnitReportReporter -->
<testsuite skipped="0" hostname="DESKTOP-NUUGM2A" name="test.czh.Rent" tests="1" failures="0" timestamp="2021-02-27T21:59:14 CST" time="2.020" errors="0">
  <testcase name="test1" time="2.020" classname="test.czh.Rent"/>
  <system-out/>
</testsuite> <!-- test.czh.Rent -->
