<?xml version="1.0" encoding="UTF-8"?>
<!-- Generated by org.testng.reporters.JUnitReportReporter -->
<testsuite hostname="DESKTOP-I913D3N" failures="0" tests="1" name="test.czh.runcase.Coursecase" time="1.432" errors="0" timestamp="2021-03-03T11:32:55 CST" skipped="0">
  <testcase classname="test.czh.runcase.Coursecase" name="TestAddCouseSucccesss" time="1.432"/>
  <system-out/>
</testsuite> <!-- test.czh.runcase.Coursecase -->
